<?xml version="1.0" encoding="UTF-8"?>
<testng-results ignored="0" total="2" passed="2" failed="0" skipped="0">
  <reporter-output>
  </reporter-output>
  <suite started-at="2023-05-12T11:30:21 IST" name="Default suite" finished-at="2023-05-12T11:32:15 IST" duration-ms="113609">
    <groups>
    </groups>
    <test started-at="2023-05-12T11:30:21 IST" name="Default test" finished-at="2023-05-12T11:32:15 IST" duration-ms="113609">
      <class name="Base.Base">
        <test-method signature="End()[pri:0, instance:Base.Base@6392827e]" started-at="2023-05-12T11:30:21 IST" name="End" finished-at="2023-05-12T11:30:21 IST" duration-ms="9" status="PASS">
          <reporter-output>
          </reporter-output>
        </test-method> <!-- End -->
        <test-method signature="Start()[pri:0, instance:Base.Base@6392827e]" started-at="2023-05-12T11:30:21 IST" name="Start" finished-at="2023-05-12T11:32:15 IST" duration-ms="113557" status="PASS">
          <reporter-output>
          </reporter-output>
        </test-method> <!-- Start -->
      </class> <!-- Base.Base -->
    </test> <!-- Default test -->
  </suite> <!-- Default suite -->
</testng-results>
